
AVRASM ver. 2.1.30  C:\Users\Chaerul Anam\Documents\CVAVR\DHT11\Example\Debug\List\atmega8535.asm Fri Jun 25 23:55:03 2021

C:\Users\Chaerul Anam\Documents\CVAVR\DHT11\Example\Debug\List\atmega8535.asm(1086): warning: Register r5 already defined by the .DEF directive
C:\Users\Chaerul Anam\Documents\CVAVR\DHT11\Example\Debug\List\atmega8535.asm(1087): warning: Register r4 already defined by the .DEF directive
C:\Users\Chaerul Anam\Documents\CVAVR\DHT11\Example\Debug\List\atmega8535.asm(1088): warning: Register r7 already defined by the .DEF directive
C:\Users\Chaerul Anam\Documents\CVAVR\DHT11\Example\Debug\List\atmega8535.asm(1089): warning: Register r6 already defined by the .DEF directive
C:\Users\Chaerul Anam\Documents\CVAVR\DHT11\Example\Debug\List\atmega8535.asm(1090): warning: Register r9 already defined by the .DEF directive
C:\Users\Chaerul Anam\Documents\CVAVR\DHT11\Example\Debug\List\atmega8535.asm(1091): warning: Register r8 already defined by the .DEF directive
C:\Users\Chaerul Anam\Documents\CVAVR\DHT11\Example\Debug\List\atmega8535.asm(1092): warning: Register r11 already defined by the .DEF directive
C:\Users\Chaerul Anam\Documents\CVAVR\DHT11\Example\Debug\List\atmega8535.asm(1093): warning: Register r10 already defined by the .DEF directive
C:\Users\Chaerul Anam\Documents\CVAVR\DHT11\Example\Debug\List\atmega8535.asm(1094): warning: Register r13 already defined by the .DEF directive
C:\Users\Chaerul Anam\Documents\CVAVR\DHT11\Example\Debug\List\atmega8535.asm(1095): warning: Register r12 already defined by the .DEF directive
                 
                 
                 ;CodeVisionAVR C Compiler V3.14 Advanced
                 ;(C) Copyright 1998-2014 Pavel Haiduc, HP InfoTech s.r.l.
                 ;http://www.hpinfotech.com
                 
                 ;Build configuration    : Debug
                 ;Chip type              : ATmega8535
                 ;Program type           : Application
                 ;Clock frequency        : 16,000000 MHz
                 ;Memory model           : Small
                 ;Optimize for           : Size
                 ;(s)printf features     : int, width
                 ;(s)scanf features      : int, width
                 ;External RAM size      : 0
                 ;Data Stack size        : 128 byte(s)
                 ;Heap size              : 0 byte(s)
                 ;Promote 'char' to 'int': Yes
                 ;'char' is unsigned     : Yes
                 ;8 bit enums            : Yes
                 ;Global 'const' stored in FLASH: Yes
                 ;Enhanced function parameter passing: Yes
                 ;Enhanced core instructions: On
                 ;Automatic register allocation for global variables: On
                 ;Smart register allocation: On
                 
                 	#define _MODEL_SMALL_
                 
                 	#pragma AVRPART ADMIN PART_NAME ATmega8535
                 	#pragma AVRPART MEMORY PROG_FLASH 8192
                 	#pragma AVRPART MEMORY EEPROM 512
                 	#pragma AVRPART MEMORY INT_SRAM SIZE 512
                 	#pragma AVRPART MEMORY INT_SRAM START_ADDR 0x60
                 
                 	.LISTMAC
                 	.EQU UDRE=0x5
                 	.EQU RXC=0x7
                 	.EQU USR=0xB
                 	.EQU UDR=0xC
                 	.EQU SPSR=0xE
                 	.EQU SPDR=0xF
                 	.EQU EERE=0x0
                 	.EQU EEWE=0x1
                 	.EQU EEMWE=0x2
                 	.EQU EECR=0x1C
                 	.EQU EEDR=0x1D
                 	.EQU EEARL=0x1E
                 	.EQU EEARH=0x1F
                 	.EQU WDTCR=0x21
                 	.EQU MCUCR=0x35
                 	.EQU GICR=0x3B
                 	.EQU SPL=0x3D
                 	.EQU SPH=0x3E
                 	.EQU SREG=0x3F
                 
                 	.DEF R0X0=R0
                 	.DEF R0X1=R1
                 	.DEF R0X2=R2
                 	.DEF R0X3=R3
                 	.DEF R0X4=R4
                 	.DEF R0X5=R5
                 	.DEF R0X6=R6
                 	.DEF R0X7=R7
                 	.DEF R0X8=R8
                 	.DEF R0X9=R9
                 	.DEF R0XA=R10
                 	.DEF R0XB=R11
                 	.DEF R0XC=R12
                 	.DEF R0XD=R13
                 	.DEF R0XE=R14
                 	.DEF R0XF=R15
                 	.DEF R0X10=R16
                 	.DEF R0X11=R17
                 	.DEF R0X12=R18
                 	.DEF R0X13=R19
                 	.DEF R0X14=R20
                 	.DEF R0X15=R21
                 	.DEF R0X16=R22
                 	.DEF R0X17=R23
                 	.DEF R0X18=R24
                 	.DEF R0X19=R25
                 	.DEF R0X1A=R26
                 	.DEF R0X1B=R27
                 	.DEF R0X1C=R28
                 	.DEF R0X1D=R29
                 	.DEF R0X1E=R30
                 	.DEF R0X1F=R31
                 
                 	.EQU __SRAM_START=0x0060
                 	.EQU __SRAM_END=0x025F
                 	.EQU __DSTACK_SIZE=0x0080
                 	.EQU __HEAP_SIZE=0x0000
                 	.EQU __CLEAR_SRAM_SIZE=__SRAM_END-__SRAM_START+1
                 
                 	.MACRO __CPD1N
                 	CPI  R30,LOW(@0)
                 	LDI  R26,HIGH(@0)
                 	CPC  R31,R26
                 	LDI  R26,BYTE3(@0)
                 	CPC  R22,R26
                 	LDI  R26,BYTE4(@0)
                 	CPC  R23,R26
                 	.ENDM
                 
                 	.MACRO __CPD2N
                 	CPI  R26,LOW(@0)
                 	LDI  R30,HIGH(@0)
                 	CPC  R27,R30
                 	LDI  R30,BYTE3(@0)
                 	CPC  R24,R30
                 	LDI  R30,BYTE4(@0)
                 	CPC  R25,R30
                 	.ENDM
                 
                 	.MACRO __CPWRR
                 	CP   R@0,R@2
                 	CPC  R@1,R@3
                 	.ENDM
                 
                 	.MACRO __CPWRN
                 	CPI  R@0,LOW(@2)
                 	LDI  R30,HIGH(@2)
                 	CPC  R@1,R30
                 	.ENDM
                 
                 	.MACRO __ADDB1MN
                 	SUBI R30,LOW(-@0-(@1))
                 	.ENDM
                 
                 	.MACRO __ADDB2MN
                 	SUBI R26,LOW(-@0-(@1))
                 	.ENDM
                 
                 	.MACRO __ADDW1MN
                 	SUBI R30,LOW(-@0-(@1))
                 	SBCI R31,HIGH(-@0-(@1))
                 	.ENDM
                 
                 	.MACRO __ADDW2MN
                 	SUBI R26,LOW(-@0-(@1))
                 	SBCI R27,HIGH(-@0-(@1))
                 	.ENDM
                 
                 	.MACRO __ADDW1FN
                 	SUBI R30,LOW(-2*@0-(@1))
                 	SBCI R31,HIGH(-2*@0-(@1))
                 	.ENDM
                 
                 	.MACRO __ADDD1FN
                 	SUBI R30,LOW(-2*@0-(@1))
                 	SBCI R31,HIGH(-2*@0-(@1))
                 	SBCI R22,BYTE3(-2*@0-(@1))
                 	.ENDM
                 
                 	.MACRO __ADDD1N
                 	SUBI R30,LOW(-@0)
                 	SBCI R31,HIGH(-@0)
                 	SBCI R22,BYTE3(-@0)
                 	SBCI R23,BYTE4(-@0)
                 	.ENDM
                 
                 	.MACRO __ADDD2N
                 	SUBI R26,LOW(-@0)
                 	SBCI R27,HIGH(-@0)
                 	SBCI R24,BYTE3(-@0)
                 	SBCI R25,BYTE4(-@0)
                 	.ENDM
                 
                 	.MACRO __SUBD1N
                 	SUBI R30,LOW(@0)
                 	SBCI R31,HIGH(@0)
                 	SBCI R22,BYTE3(@0)
                 	SBCI R23,BYTE4(@0)
                 	.ENDM
                 
                 	.MACRO __SUBD2N
                 	SUBI R26,LOW(@0)
                 	SBCI R27,HIGH(@0)
                 	SBCI R24,BYTE3(@0)
                 	SBCI R25,BYTE4(@0)
                 	.ENDM
                 
                 	.MACRO __ANDBMNN
                 	LDS  R30,@0+(@1)
                 	ANDI R30,LOW(@2)
                 	STS  @0+(@1),R30
                 	.ENDM
                 
                 	.MACRO __ANDWMNN
                 	LDS  R30,@0+(@1)
                 	ANDI R30,LOW(@2)
                 	STS  @0+(@1),R30
                 	LDS  R30,@0+(@1)+1
                 	ANDI R30,HIGH(@2)
                 	STS  @0+(@1)+1,R30
                 	.ENDM
                 
                 	.MACRO __ANDD1N
                 	ANDI R30,LOW(@0)
                 	ANDI R31,HIGH(@0)
                 	ANDI R22,BYTE3(@0)
                 	ANDI R23,BYTE4(@0)
                 	.ENDM
                 
                 	.MACRO __ANDD2N
                 	ANDI R26,LOW(@0)
                 	ANDI R27,HIGH(@0)
                 	ANDI R24,BYTE3(@0)
                 	ANDI R25,BYTE4(@0)
                 	.ENDM
                 
                 	.MACRO __ORBMNN
                 	LDS  R30,@0+(@1)
                 	ORI  R30,LOW(@2)
                 	STS  @0+(@1),R30
                 	.ENDM
                 
                 	.MACRO __ORWMNN
                 	LDS  R30,@0+(@1)
                 	ORI  R30,LOW(@2)
                 	STS  @0+(@1),R30
                 	LDS  R30,@0+(@1)+1
                 	ORI  R30,HIGH(@2)
                 	STS  @0+(@1)+1,R30
                 	.ENDM
                 
                 	.MACRO __ORD1N
                 	ORI  R30,LOW(@0)
                 	ORI  R31,HIGH(@0)
                 	ORI  R22,BYTE3(@0)
                 	ORI  R23,BYTE4(@0)
                 	.ENDM
                 
                 	.MACRO __ORD2N
                 	ORI  R26,LOW(@0)
                 	ORI  R27,HIGH(@0)
                 	ORI  R24,BYTE3(@0)
                 	ORI  R25,BYTE4(@0)
                 	.ENDM
                 
                 	.MACRO __DELAY_USB
                 	LDI  R24,LOW(@0)
                 __DELAY_USB_LOOP:
                 	DEC  R24
                 	BRNE __DELAY_USB_LOOP
                 	.ENDM
                 
                 	.MACRO __DELAY_USW
                 	LDI  R24,LOW(@0)
                 	LDI  R25,HIGH(@0)
                 __DELAY_USW_LOOP:
                 	SBIW R24,1
                 	BRNE __DELAY_USW_LOOP
                 	.ENDM
                 
                 	.MACRO __GETD1S
                 	LDD  R30,Y+@0
                 	LDD  R31,Y+@0+1
                 	LDD  R22,Y+@0+2
                 	LDD  R23,Y+@0+3
                 	.ENDM
                 
                 	.MACRO __GETD2S
                 	LDD  R26,Y+@0
                 	LDD  R27,Y+@0+1
                 	LDD  R24,Y+@0+2
                 	LDD  R25,Y+@0+3
                 	.ENDM
                 
                 	.MACRO __PUTD1S
                 	STD  Y+@0,R30
                 	STD  Y+@0+1,R31
                 	STD  Y+@0+2,R22
                 	STD  Y+@0+3,R23
                 	.ENDM
                 
                 	.MACRO __PUTD2S
                 	STD  Y+@0,R26
                 	STD  Y+@0+1,R27
                 	STD  Y+@0+2,R24
                 	STD  Y+@0+3,R25
                 	.ENDM
                 
                 	.MACRO __PUTDZ2
                 	STD  Z+@0,R26
                 	STD  Z+@0+1,R27
                 	STD  Z+@0+2,R24
                 	STD  Z+@0+3,R25
                 	.ENDM
                 
                 	.MACRO __CLRD1S
                 	STD  Y+@0,R30
                 	STD  Y+@0+1,R30
                 	STD  Y+@0+2,R30
                 	STD  Y+@0+3,R30
                 	.ENDM
                 
                 	.MACRO __POINTB1MN
                 	LDI  R30,LOW(@0+(@1))
                 	.ENDM
                 
                 	.MACRO __POINTW1MN
                 	LDI  R30,LOW(@0+(@1))
                 	LDI  R31,HIGH(@0+(@1))
                 	.ENDM
                 
                 	.MACRO __POINTD1M
                 	LDI  R30,LOW(@0)
                 	LDI  R31,HIGH(@0)
                 	LDI  R22,BYTE3(@0)
                 	LDI  R23,BYTE4(@0)
                 	.ENDM
                 
                 	.MACRO __POINTW1FN
                 	LDI  R30,LOW(2*@0+(@1))
                 	LDI  R31,HIGH(2*@0+(@1))
                 	.ENDM
                 
                 	.MACRO __POINTD1FN
                 	LDI  R30,LOW(2*@0+(@1))
                 	LDI  R31,HIGH(2*@0+(@1))
                 	LDI  R22,BYTE3(2*@0+(@1))
                 	LDI  R23,BYTE4(2*@0+(@1))
                 	.ENDM
                 
                 	.MACRO __POINTB2MN
                 	LDI  R26,LOW(@0+(@1))
                 	.ENDM
                 
                 	.MACRO __POINTW2MN
                 	LDI  R26,LOW(@0+(@1))
                 	LDI  R27,HIGH(@0+(@1))
                 	.ENDM
                 
                 	.MACRO __POINTW2FN
                 	LDI  R26,LOW(2*@0+(@1))
                 	LDI  R27,HIGH(2*@0+(@1))
                 	.ENDM
                 
                 	.MACRO __POINTD2FN
                 	LDI  R26,LOW(2*@0+(@1))
                 	LDI  R27,HIGH(2*@0+(@1))
                 	LDI  R24,BYTE3(2*@0+(@1))
                 	LDI  R25,BYTE4(2*@0+(@1))
                 	.ENDM
                 
                 	.MACRO __POINTBRM
                 	LDI  R@0,LOW(@1)
                 	.ENDM
                 
                 	.MACRO __POINTWRM
                 	LDI  R@0,LOW(@2)
                 	LDI  R@1,HIGH(@2)
                 	.ENDM
                 
                 	.MACRO __POINTBRMN
                 	LDI  R@0,LOW(@1+(@2))
                 	.ENDM
                 
                 	.MACRO __POINTWRMN
                 	LDI  R@0,LOW(@2+(@3))
                 	LDI  R@1,HIGH(@2+(@3))
                 	.ENDM
                 
                 	.MACRO __POINTWRFN
                 	LDI  R@0,LOW(@2*2+(@3))
                 	LDI  R@1,HIGH(@2*2+(@3))
                 	.ENDM
                 
                 	.MACRO __GETD1N
                 	LDI  R30,LOW(@0)
                 	LDI  R31,HIGH(@0)
                 	LDI  R22,BYTE3(@0)
                 	LDI  R23,BYTE4(@0)
                 	.ENDM
                 
                 	.MACRO __GETD2N
                 	LDI  R26,LOW(@0)
                 	LDI  R27,HIGH(@0)
                 	LDI  R24,BYTE3(@0)
                 	LDI  R25,BYTE4(@0)
                 	.ENDM
                 
                 	.MACRO __GETB1MN
                 	LDS  R30,@0+(@1)
                 	.ENDM
                 
                 	.MACRO __GETB1HMN
                 	LDS  R31,@0+(@1)
                 	.ENDM
                 
                 	.MACRO __GETW1MN
                 	LDS  R30,@0+(@1)
                 	LDS  R31,@0+(@1)+1
                 	.ENDM
                 
                 	.MACRO __GETD1MN
                 	LDS  R30,@0+(@1)
                 	LDS  R31,@0+(@1)+1
                 	LDS  R22,@0+(@1)+2
                 	LDS  R23,@0+(@1)+3
                 	.ENDM
                 
                 	.MACRO __GETBRMN
                 	LDS  R@0,@1+(@2)
                 	.ENDM
                 
                 	.MACRO __GETWRMN
                 	LDS  R@0,@2+(@3)
                 	LDS  R@1,@2+(@3)+1
                 	.ENDM
                 
                 	.MACRO __GETWRZ
                 	LDD  R@0,Z+@2
                 	LDD  R@1,Z+@2+1
                 	.ENDM
                 
                 	.MACRO __GETD2Z
                 	LDD  R26,Z+@0
                 	LDD  R27,Z+@0+1
                 	LDD  R24,Z+@0+2
                 	LDD  R25,Z+@0+3
                 	.ENDM
                 
                 	.MACRO __GETB2MN
                 	LDS  R26,@0+(@1)
                 	.ENDM
                 
                 	.MACRO __GETW2MN
                 	LDS  R26,@0+(@1)
                 	LDS  R27,@0+(@1)+1
                 	.ENDM
                 
                 	.MACRO __GETD2MN
                 	LDS  R26,@0+(@1)
                 	LDS  R27,@0+(@1)+1
                 	LDS  R24,@0+(@1)+2
                 	LDS  R25,@0+(@1)+3
                 	.ENDM
                 
                 	.MACRO __PUTB1MN
                 	STS  @0+(@1),R30
                 	.ENDM
                 
                 	.MACRO __PUTW1MN
                 	STS  @0+(@1),R30
                 	STS  @0+(@1)+1,R31
                 	.ENDM
                 
                 	.MACRO __PUTD1MN
                 	STS  @0+(@1),R30
                 	STS  @0+(@1)+1,R31
                 	STS  @0+(@1)+2,R22
                 	STS  @0+(@1)+3,R23
                 	.ENDM
                 
                 	.MACRO __PUTB1EN
                 	LDI  R26,LOW(@0+(@1))
                 	LDI  R27,HIGH(@0+(@1))
                 	RCALL __EEPROMWRB
                 	.ENDM
                 
                 	.MACRO __PUTW1EN
                 	LDI  R26,LOW(@0+(@1))
                 	LDI  R27,HIGH(@0+(@1))
                 	RCALL __EEPROMWRW
                 	.ENDM
                 
                 	.MACRO __PUTD1EN
                 	LDI  R26,LOW(@0+(@1))
                 	LDI  R27,HIGH(@0+(@1))
                 	RCALL __EEPROMWRD
                 	.ENDM
                 
                 	.MACRO __PUTBR0MN
                 	STS  @0+(@1),R0
                 	.ENDM
                 
                 	.MACRO __PUTBMRN
                 	STS  @0+(@1),R@2
                 	.ENDM
                 
                 	.MACRO __PUTWMRN
                 	STS  @0+(@1),R@2
                 	STS  @0+(@1)+1,R@3
                 	.ENDM
                 
                 	.MACRO __PUTBZR
                 	STD  Z+@1,R@0
                 	.ENDM
                 
                 	.MACRO __PUTWZR
                 	STD  Z+@2,R@0
                 	STD  Z+@2+1,R@1
                 	.ENDM
                 
                 	.MACRO __GETW1R
                 	MOV  R30,R@0
                 	MOV  R31,R@1
                 	.ENDM
                 
                 	.MACRO __GETW2R
                 	MOV  R26,R@0
                 	MOV  R27,R@1
                 	.ENDM
                 
                 	.MACRO __GETWRN
                 	LDI  R@0,LOW(@2)
                 	LDI  R@1,HIGH(@2)
                 	.ENDM
                 
                 	.MACRO __PUTW1R
                 	MOV  R@0,R30
                 	MOV  R@1,R31
                 	.ENDM
                 
                 	.MACRO __PUTW2R
                 	MOV  R@0,R26
                 	MOV  R@1,R27
                 	.ENDM
                 
                 	.MACRO __ADDWRN
                 	SUBI R@0,LOW(-@2)
                 	SBCI R@1,HIGH(-@2)
                 	.ENDM
                 
                 	.MACRO __ADDWRR
                 	ADD  R@0,R@2
                 	ADC  R@1,R@3
                 	.ENDM
                 
                 	.MACRO __SUBWRN
                 	SUBI R@0,LOW(@2)
                 	SBCI R@1,HIGH(@2)
                 	.ENDM
                 
                 	.MACRO __SUBWRR
                 	SUB  R@0,R@2
                 	SBC  R@1,R@3
                 	.ENDM
                 
                 	.MACRO __ANDWRN
                 	ANDI R@0,LOW(@2)
                 	ANDI R@1,HIGH(@2)
                 	.ENDM
                 
                 	.MACRO __ANDWRR
                 	AND  R@0,R@2
                 	AND  R@1,R@3
                 	.ENDM
                 
                 	.MACRO __ORWRN
                 	ORI  R@0,LOW(@2)
                 	ORI  R@1,HIGH(@2)
                 	.ENDM
                 
                 	.MACRO __ORWRR
                 	OR   R@0,R@2
                 	OR   R@1,R@3
                 	.ENDM
                 
                 	.MACRO __EORWRR
                 	EOR  R@0,R@2
                 	EOR  R@1,R@3
                 	.ENDM
                 
                 	.MACRO __GETWRS
                 	LDD  R@0,Y+@2
                 	LDD  R@1,Y+@2+1
                 	.ENDM
                 
                 	.MACRO __PUTBSR
                 	STD  Y+@1,R@0
                 	.ENDM
                 
                 	.MACRO __PUTWSR
                 	STD  Y+@2,R@0
                 	STD  Y+@2+1,R@1
                 	.ENDM
                 
                 	.MACRO __MOVEWRR
                 	MOV  R@0,R@2
                 	MOV  R@1,R@3
                 	.ENDM
                 
                 	.MACRO __INWR
                 	IN   R@0,@2
                 	IN   R@1,@2+1
                 	.ENDM
                 
                 	.MACRO __OUTWR
                 	OUT  @2+1,R@1
                 	OUT  @2,R@0
                 	.ENDM
                 
                 	.MACRO __CALL1MN
                 	LDS  R30,@0+(@1)
                 	LDS  R31,@0+(@1)+1
                 	ICALL
                 	.ENDM
                 
                 	.MACRO __CALL1FN
                 	LDI  R30,LOW(2*@0+(@1))
                 	LDI  R31,HIGH(2*@0+(@1))
                 	RCALL __GETW1PF
                 	ICALL
                 	.ENDM
                 
                 	.MACRO __CALL2EN
                 	PUSH R26
                 	PUSH R27
                 	LDI  R26,LOW(@0+(@1))
                 	LDI  R27,HIGH(@0+(@1))
                 	RCALL __EEPROMRDW
                 	POP  R27
                 	POP  R26
                 	ICALL
                 	.ENDM
                 
                 	.MACRO __CALL2EX
                 	SUBI R26,LOW(-@0)
                 	SBCI R27,HIGH(-@0)
                 	RCALL __EEPROMRDD
                 	ICALL
                 	.ENDM
                 
                 	.MACRO __GETW1STACK
                 	IN   R30,SPL
                 	IN   R31,SPH
                 	ADIW R30,@0+1
                 	LD   R0,Z+
                 	LD   R31,Z
                 	MOV  R30,R0
                 	.ENDM
                 
                 	.MACRO __GETD1STACK
                 	IN   R30,SPL
                 	IN   R31,SPH
                 	ADIW R30,@0+1
                 	LD   R0,Z+
                 	LD   R1,Z+
                 	LD   R22,Z
                 	MOVW R30,R0
                 	.ENDM
                 
                 	.MACRO __NBST
                 	BST  R@0,@1
                 	IN   R30,SREG
                 	LDI  R31,0x40
                 	EOR  R30,R31
                 	OUT  SREG,R30
                 	.ENDM
                 
                 
                 	.MACRO __PUTB1SN
                 	LDD  R26,Y+@0
                 	LDD  R27,Y+@0+1
                 	SUBI R26,LOW(-@1)
                 	SBCI R27,HIGH(-@1)
                 	ST   X,R30
                 	.ENDM
                 
                 	.MACRO __PUTW1SN
                 	LDD  R26,Y+@0
                 	LDD  R27,Y+@0+1
                 	SUBI R26,LOW(-@1)
                 	SBCI R27,HIGH(-@1)
                 	ST   X+,R30
                 	ST   X,R31
                 	.ENDM
                 
                 	.MACRO __PUTD1SN
                 	LDD  R26,Y+@0
                 	LDD  R27,Y+@0+1
                 	SUBI R26,LOW(-@1)
                 	SBCI R27,HIGH(-@1)
                 	RCALL __PUTDP1
                 	.ENDM
                 
                 	.MACRO __PUTB1SNS
                 	LDD  R26,Y+@0
                 	LDD  R27,Y+@0+1
                 	ADIW R26,@1
                 	ST   X,R30
                 	.ENDM
                 
                 	.MACRO __PUTW1SNS
                 	LDD  R26,Y+@0
                 	LDD  R27,Y+@0+1
                 	ADIW R26,@1
                 	ST   X+,R30
                 	ST   X,R31
                 	.ENDM
                 
                 	.MACRO __PUTD1SNS
                 	LDD  R26,Y+@0
                 	LDD  R27,Y+@0+1
                 	ADIW R26,@1
                 	RCALL __PUTDP1
                 	.ENDM
                 
                 	.MACRO __PUTB1PMN
                 	LDS  R26,@0
                 	LDS  R27,@0+1
                 	SUBI R26,LOW(-@1)
                 	SBCI R27,HIGH(-@1)
                 	ST   X,R30
                 	.ENDM
                 
                 	.MACRO __PUTW1PMN
                 	LDS  R26,@0
                 	LDS  R27,@0+1
                 	SUBI R26,LOW(-@1)
                 	SBCI R27,HIGH(-@1)
                 	ST   X+,R30
                 	ST   X,R31
                 	.ENDM
                 
                 	.MACRO __PUTD1PMN
                 	LDS  R26,@0
                 	LDS  R27,@0+1
                 	SUBI R26,LOW(-@1)
                 	SBCI R27,HIGH(-@1)
                 	RCALL __PUTDP1
                 	.ENDM
                 
                 	.MACRO __PUTB1PMNS
                 	LDS  R26,@0
                 	LDS  R27,@0+1
                 	ADIW R26,@1
                 	ST   X,R30
                 	.ENDM
                 
                 	.MACRO __PUTW1PMNS
                 	LDS  R26,@0
                 	LDS  R27,@0+1
                 	ADIW R26,@1
                 	ST   X+,R30
                 	ST   X,R31
                 	.ENDM
                 
                 	.MACRO __PUTD1PMNS
                 	LDS  R26,@0
                 	LDS  R27,@0+1
                 	ADIW R26,@1
                 	RCALL __PUTDP1
                 	.ENDM
                 
                 	.MACRO __PUTB1RN
                 	MOVW R26,R@0
                 	SUBI R26,LOW(-@1)
                 	SBCI R27,HIGH(-@1)
                 	ST   X,R30
                 	.ENDM
                 
                 	.MACRO __PUTW1RN
                 	MOVW R26,R@0
                 	SUBI R26,LOW(-@1)
                 	SBCI R27,HIGH(-@1)
                 	ST   X+,R30
                 	ST   X,R31
                 	.ENDM
                 
                 	.MACRO __PUTD1RN
                 	MOVW R26,R@0
                 	SUBI R26,LOW(-@1)
                 	SBCI R27,HIGH(-@1)
                 	RCALL __PUTDP1
                 	.ENDM
                 
                 	.MACRO __PUTB1RNS
                 	MOVW R26,R@0
                 	ADIW R26,@1
                 	ST   X,R30
                 	.ENDM
                 
                 	.MACRO __PUTW1RNS
                 	MOVW R26,R@0
                 	ADIW R26,@1
                 	ST   X+,R30
                 	ST   X,R31
                 	.ENDM
                 
                 	.MACRO __PUTD1RNS
                 	MOVW R26,R@0
                 	ADIW R26,@1
                 	RCALL __PUTDP1
                 	.ENDM
                 
                 	.MACRO __PUTB1RON
                 	MOV  R26,R@0
                 	MOV  R27,R@1
                 	SUBI R26,LOW(-@2)
                 	SBCI R27,HIGH(-@2)
                 	ST   X,R30
                 	.ENDM
                 
                 	.MACRO __PUTW1RON
                 	MOV  R26,R@0
                 	MOV  R27,R@1
                 	SUBI R26,LOW(-@2)
                 	SBCI R27,HIGH(-@2)
                 	ST   X+,R30
                 	ST   X,R31
                 	.ENDM
                 
                 	.MACRO __PUTD1RON
                 	MOV  R26,R@0
                 	MOV  R27,R@1
                 	SUBI R26,LOW(-@2)
                 	SBCI R27,HIGH(-@2)
                 	RCALL __PUTDP1
                 	.ENDM
                 
                 	.MACRO __PUTB1RONS
                 	MOV  R26,R@0
                 	MOV  R27,R@1
                 	ADIW R26,@2
                 	ST   X,R30
                 	.ENDM
                 
                 	.MACRO __PUTW1RONS
                 	MOV  R26,R@0
                 	MOV  R27,R@1
                 	ADIW R26,@2
                 	ST   X+,R30
                 	ST   X,R31
                 	.ENDM
                 
                 	.MACRO __PUTD1RONS
                 	MOV  R26,R@0
                 	MOV  R27,R@1
                 	ADIW R26,@2
                 	RCALL __PUTDP1
                 	.ENDM
                 
                 
                 	.MACRO __GETB1SX
                 	MOVW R30,R28
                 	SUBI R30,LOW(-@0)
                 	SBCI R31,HIGH(-@0)
                 	LD   R30,Z
                 	.ENDM
                 
                 	.MACRO __GETB1HSX
                 	MOVW R30,R28
                 	SUBI R30,LOW(-@0)
                 	SBCI R31,HIGH(-@0)
                 	LD   R31,Z
                 	.ENDM
                 
                 	.MACRO __GETW1SX
                 	MOVW R30,R28
                 	SUBI R30,LOW(-@0)
                 	SBCI R31,HIGH(-@0)
                 	LD   R0,Z+
                 	LD   R31,Z
                 	MOV  R30,R0
                 	.ENDM
                 
                 	.MACRO __GETD1SX
                 	MOVW R30,R28
                 	SUBI R30,LOW(-@0)
                 	SBCI R31,HIGH(-@0)
                 	LD   R0,Z+
                 	LD   R1,Z+
                 	LD   R22,Z+
                 	LD   R23,Z
                 	MOVW R30,R0
                 	.ENDM
                 
                 	.MACRO __GETB2SX
                 	MOVW R26,R28
                 	SUBI R26,LOW(-@0)
                 	SBCI R27,HIGH(-@0)
                 	LD   R26,X
                 	.ENDM
                 
                 	.MACRO __GETW2SX
                 	MOVW R26,R28
                 	SUBI R26,LOW(-@0)
                 	SBCI R27,HIGH(-@0)
                 	LD   R0,X+
                 	LD   R27,X
                 	MOV  R26,R0
                 	.ENDM
                 
                 	.MACRO __GETD2SX
                 	MOVW R26,R28
                 	SUBI R26,LOW(-@0)
                 	SBCI R27,HIGH(-@0)
                 	LD   R0,X+
                 	LD   R1,X+
                 	LD   R24,X+
                 	LD   R25,X
                 	MOVW R26,R0
                 	.ENDM
                 
                 	.MACRO __GETBRSX
                 	MOVW R30,R28
                 	SUBI R30,LOW(-@1)
                 	SBCI R31,HIGH(-@1)
                 	LD   R@0,Z
                 	.ENDM
                 
                 	.MACRO __GETWRSX
                 	MOVW R30,R28
                 	SUBI R30,LOW(-@2)
                 	SBCI R31,HIGH(-@2)
                 	LD   R@0,Z+
                 	LD   R@1,Z
                 	.ENDM
                 
                 	.MACRO __GETBRSX2
                 	MOVW R26,R28
                 	SUBI R26,LOW(-@1)
                 	SBCI R27,HIGH(-@1)
                 	LD   R@0,X
                 	.ENDM
                 
                 	.MACRO __GETWRSX2
                 	MOVW R26,R28
                 	SUBI R26,LOW(-@2)
                 	SBCI R27,HIGH(-@2)
                 	LD   R@0,X+
                 	LD   R@1,X
                 	.ENDM
                 
                 	.MACRO __LSLW8SX
                 	MOVW R30,R28
                 	SUBI R30,LOW(-@0)
                 	SBCI R31,HIGH(-@0)
                 	LD   R31,Z
                 	CLR  R30
                 	.ENDM
                 
                 	.MACRO __PUTB1SX
                 	MOVW R26,R28
                 	SUBI R26,LOW(-@0)
                 	SBCI R27,HIGH(-@0)
                 	ST   X,R30
                 	.ENDM
                 
                 	.MACRO __PUTW1SX
                 	MOVW R26,R28
                 	SUBI R26,LOW(-@0)
                 	SBCI R27,HIGH(-@0)
                 	ST   X+,R30
                 	ST   X,R31
                 	.ENDM
                 
                 	.MACRO __PUTD1SX
                 	MOVW R26,R28
                 	SUBI R26,LOW(-@0)
                 	SBCI R27,HIGH(-@0)
                 	ST   X+,R30
                 	ST   X+,R31
                 	ST   X+,R22
                 	ST   X,R23
                 	.ENDM
                 
                 	.MACRO __CLRW1SX
                 	MOVW R26,R28
                 	SUBI R26,LOW(-@0)
                 	SBCI R27,HIGH(-@0)
                 	ST   X+,R30
                 	ST   X,R30
                 	.ENDM
                 
                 	.MACRO __CLRD1SX
                 	MOVW R26,R28
                 	SUBI R26,LOW(-@0)
                 	SBCI R27,HIGH(-@0)
                 	ST   X+,R30
                 	ST   X+,R30
                 	ST   X+,R30
                 	ST   X,R30
                 	.ENDM
                 
                 	.MACRO __PUTB2SX
                 	MOVW R30,R28
                 	SUBI R30,LOW(-@0)
                 	SBCI R31,HIGH(-@0)
                 	ST   Z,R26
                 	.ENDM
                 
                 	.MACRO __PUTW2SX
                 	MOVW R30,R28
                 	SUBI R30,LOW(-@0)
                 	SBCI R31,HIGH(-@0)
                 	ST   Z+,R26
                 	ST   Z,R27
                 	.ENDM
                 
                 	.MACRO __PUTD2SX
                 	MOVW R30,R28
                 	SUBI R30,LOW(-@0)
                 	SBCI R31,HIGH(-@0)
                 	ST   Z+,R26
                 	ST   Z+,R27
                 	ST   Z+,R24
                 	ST   Z,R25
                 	.ENDM
                 
                 	.MACRO __PUTBSRX
                 	MOVW R30,R28
                 	SUBI R30,LOW(-@1)
                 	SBCI R31,HIGH(-@1)
                 	ST   Z,R@0
                 	.ENDM
                 
                 	.MACRO __PUTWSRX
                 	MOVW R30,R28
                 	SUBI R30,LOW(-@2)
                 	SBCI R31,HIGH(-@2)
                 	ST   Z+,R@0
                 	ST   Z,R@1
                 	.ENDM
                 
                 	.MACRO __PUTB1SNX
                 	MOVW R26,R28
                 	SUBI R26,LOW(-@0)
                 	SBCI R27,HIGH(-@0)
                 	LD   R0,X+
                 	LD   R27,X
                 	MOV  R26,R0
                 	SUBI R26,LOW(-@1)
                 	SBCI R27,HIGH(-@1)
                 	ST   X,R30
                 	.ENDM
                 
                 	.MACRO __PUTW1SNX
                 	MOVW R26,R28
                 	SUBI R26,LOW(-@0)
                 	SBCI R27,HIGH(-@0)
                 	LD   R0,X+
                 	LD   R27,X
                 	MOV  R26,R0
                 	SUBI R26,LOW(-@1)
                 	SBCI R27,HIGH(-@1)
                 	ST   X+,R30
                 	ST   X,R31
                 	.ENDM
                 
                 	.MACRO __PUTD1SNX
                 	MOVW R26,R28
                 	SUBI R26,LOW(-@0)
                 	SBCI R27,HIGH(-@0)
                 	LD   R0,X+
                 	LD   R27,X
                 	MOV  R26,R0
                 	SUBI R26,LOW(-@1)
                 	SBCI R27,HIGH(-@1)
                 	ST   X+,R30
                 	ST   X+,R31
                 	ST   X+,R22
                 	ST   X,R23
                 	.ENDM
                 
                 	.MACRO __MULBRR
                 	MULS R@0,R@1
                 	MOVW R30,R0
                 	.ENDM
                 
                 	.MACRO __MULBRRU
                 	MUL  R@0,R@1
                 	MOVW R30,R0
                 	.ENDM
                 
                 	.MACRO __MULBRR0
                 	MULS R@0,R@1
                 	.ENDM
                 
                 	.MACRO __MULBRRU0
                 	MUL  R@0,R@1
                 	.ENDM
                 
                 	.MACRO __MULBNWRU
                 	LDI  R26,@2
                 	MUL  R26,R@0
                 	MOVW R30,R0
                 	MUL  R26,R@1
                 	ADD  R31,R0
                 	.ENDM
                 
                 ;NAME DEFINITIONS FOR GLOBAL VARIABLES ALLOCATED TO REGISTERS
                 	.DEF _temperature=R5
                 	.DEF _humidity=R4
                 	.DEF __addr=R7
                 	.DEF __displayfunction=R6
                 	.DEF __displaycontrol=R9
                 	.DEF __displaymode=R8
                 	.DEF __cols=R11
                 	.DEF __rows=R10
                 	.DEF __charsize=R13
                 	.DEF __backlightval=R12
                 
                 	.CSEG
                 	.ORG 0x00
                 
                 ;START OF CODE MARKER
                 __START_OF_CODE:
                 
                 ;INTERRUPT VECTORS
000000 c04d      	RJMP __RESET
000001 cffe      	RJMP 0x00
000002 cffd      	RJMP 0x00
000003 cffc      	RJMP 0x00
000004 cffb      	RJMP 0x00
000005 cffa      	RJMP 0x00
000006 cff9      	RJMP 0x00
000007 cff8      	RJMP 0x00
000008 cff7      	RJMP 0x00
000009 cff6      	RJMP 0x00
00000a cff5      	RJMP 0x00
00000b cff4      	RJMP 0x00
00000c cff3      	RJMP 0x00
00000d cff2      	RJMP 0x00
00000e cff1      	RJMP 0x00
00000f cff0      	RJMP 0x00
000010 cfef      	RJMP 0x00
000011 cfee      	RJMP 0x00
000012 cfed      	RJMP 0x00
000013 cfec      	RJMP 0x00
000014 cfeb      	RJMP 0x00
                 
                 _tbl10_G101:
000015 2710
000016 03e8
000017 0064
000018 000a      	.DB  0x10,0x27,0xE8,0x3,0x64,0x0,0xA,0x0
000019 0001      	.DB  0x1,0x0
                 _tbl16_G101:
00001a 1000
00001b 0100
00001c 0010
00001d 0001      	.DB  0x0,0x10,0x0,0x1,0x10,0x0,0x1,0x0
                 
                 ;GLOBAL REGISTER VARIABLES INITIALIZATION
                 __REG_VARS:
00001e 0000      	.DB  0x0,0x0
                 
                 _0x0:
00001f 6574
000020 706d
000021 7265
000022 7461      	.DB  0x74,0x65,0x6D,0x70,0x65,0x72,0x61,0x74
000023 7275
000024 3a65
000025 0020
000026 0043      	.DB  0x75,0x72,0x65,0x3A,0x20,0x0,0x43,0x0
000027 7568
000028 696d
000029 6964
00002a 7974      	.DB  0x68,0x75,0x6D,0x69,0x64,0x69,0x74,0x79
00002b 203a
00002c 2500
00002d 5220
00002e 0048      	.DB  0x3A,0x20,0x0,0x25,0x20,0x52,0x48,0x0
00002f 7265
000030 6f72
000031 0072      	.DB  0x65,0x72,0x72,0x6F,0x72,0x0
                 _0x2080060:
C:\Users\Chaerul Anam\Documents\CVAVR\DHT11\Example\Debug\List\atmega8535.asm(1143): warning: .cseg .db misalignment - padding zero byte
000032 0001      	.DB  0x1
                 _0x2080000:
000033 4e2d
000034 4e41
000035 4900
000036 464e      	.DB  0x2D,0x4E,0x41,0x4E,0x0,0x49,0x4E,0x46
C:\Users\Chaerul Anam\Documents\CVAVR\DHT11\Example\Debug\List\atmega8535.asm(1146): warning: .cseg .db misalignment - padding zero byte
000037 0000      	.DB  0x0
                 
                 __GLOBAL_INI_TBL:
000038 0002      	.DW  0x02
000039 0004      	.DW  0x04
00003a 003c      	.DW  __REG_VARS*2
                 
00003b 000e      	.DW  0x0E
00003c 00e0      	.DW  _0x7
00003d 003e      	.DW  _0x0*2
                 
00003e 0002      	.DW  0x02
00003f 00ee      	.DW  _0x7+14
000040 004c      	.DW  _0x0*2+14
                 
000041 000b      	.DW  0x0B
000042 00f0      	.DW  _0x7+16
000043 004e      	.DW  _0x0*2+16
                 
000044 0005      	.DW  0x05
000045 00fb      	.DW  _0x7+27
000046 0059      	.DW  _0x0*2+27
                 
000047 0006      	.DW  0x06
000048 0100      	.DW  _0x7+32
000049 005e      	.DW  _0x0*2+32
                 
00004a 0001      	.DW  0x01
00004b 0138      	.DW  __seed_G104
00004c 0064      	.DW  _0x2080060*2
                 
                 _0xFFFFFFFF:
00004d 0000      	.DW  0
                 
                 #define __GLOBAL_INI_TBL_PRESENT 1
                 
                 __RESET:
00004e 94f8      	CLI
00004f 27ee      	CLR  R30
000050 bbec      	OUT  EECR,R30
                 
                 ;INTERRUPT VECTORS ARE PLACED
                 ;AT THE START OF FLASH
000051 e0f1      	LDI  R31,1
000052 bffb      	OUT  GICR,R31
000053 bfeb      	OUT  GICR,R30
000054 bfe5      	OUT  MCUCR,R30
                 
                 ;CLEAR R2-R14
000055 e08d      	LDI  R24,(14-2)+1
000056 e0a2      	LDI  R26,2
000057 27bb      	CLR  R27
                 __CLEAR_REG:
000058 93ed      	ST   X+,R30
000059 958a      	DEC  R24
00005a f7e9      	BRNE __CLEAR_REG
                 
                 ;CLEAR SRAM
00005b e080      	LDI  R24,LOW(__CLEAR_SRAM_SIZE)
00005c e092      	LDI  R25,HIGH(__CLEAR_SRAM_SIZE)
00005d e6a0      	LDI  R26,__SRAM_START
                 __CLEAR_SRAM:
00005e 93ed      	ST   X+,R30
00005f 9701      	SBIW R24,1
000060 f7e9      	BRNE __CLEAR_SRAM
                 
                 ;GLOBAL VARIABLES INITIALIZATION
000061 e7e0      	LDI  R30,LOW(__GLOBAL_INI_TBL*2)
000062 e0f0      	LDI  R31,HIGH(__GLOBAL_INI_TBL*2)
                 __GLOBAL_INI_NEXT:
000063 9185      	LPM  R24,Z+
000064 9195      	LPM  R25,Z+
000065 9700      	SBIW R24,0
000066 f061      	BREQ __GLOBAL_INI_END
000067 91a5      	LPM  R26,Z+
000068 91b5      	LPM  R27,Z+
000069 9005      	LPM  R0,Z+
00006a 9015      	LPM  R1,Z+
00006b 01bf      	MOVW R22,R30
00006c 01f0      	MOVW R30,R0
                 __GLOBAL_INI_LOOP:
00006d 9005      	LPM  R0,Z+
00006e 920d      	ST   X+,R0
00006f 9701      	SBIW R24,1
000070 f7e1      	BRNE __GLOBAL_INI_LOOP
000071 01fb      	MOVW R30,R22
000072 cff0      	RJMP __GLOBAL_INI_NEXT
                 __GLOBAL_INI_END:
                 
                 ;HARDWARE STACK POINTER INITIALIZATION
000073 e5ef      	LDI  R30,LOW(__SRAM_END-__HEAP_SIZE)
000074 bfed      	OUT  SPL,R30
000075 e0e2      	LDI  R30,HIGH(__SRAM_END-__HEAP_SIZE)
000076 bfee      	OUT  SPH,R30
                 
                 ;DATA STACK POINTER INITIALIZATION
000077 eec0      	LDI  R28,LOW(__SRAM_START+__DSTACK_SIZE)
000078 e0d0      	LDI  R29,HIGH(__SRAM_START+__DSTACK_SIZE)
                 
000079 c000      	RJMP _main
                 
                 	.ESEG
                 	.ORG 0
                 
                 	.DSEG
                 	.ORG 0xE0
                 
                 	.CSEG
                 ;/*******************************************************
                 ;This program was created by the
                 ;CodeWizardAVR V3.14 Advanced
                 ;Automatic Program Generator
                 ;© Copyright 1998-2014 Pavel Haiduc, HP InfoTech s.r.l.
                 ;http://www.hpinfotech.com
                 ;
                 ;Project :
                 ;Version :
                 ;Date    : 25/06/2021
                 ;Author  :
                 ;Company :
                 ;Comments:
                 ;
                 ;
                 ;Chip type               : ATmega8535
                 ;Program type            : Application
                 ;AVR Core Clock frequency: 16,000000 MHz
                 ;Memory model            : Small
                 ;External RAM size       : 0
                 ;Data Stack size         : 128
                 ;*******************************************************/
                 ;
                 ;#include <mega8535.h>
                 	#ifndef __SLEEP_DEFINED__
                 	#define __SLEEP_DEFINED__
                 	.EQU __se_bit=0x40
                 	.EQU __sm_mask=0xB0
                 	.EQU __sm_powerdown=0x20
                 	.EQU __sm_powersave=0x30
                 	.EQU __sm_standby=0xA0
                 	.EQU __sm_ext_standby=0xB0
                 	.EQU __sm_adc_noise_red=0x10
                 	.SET power_ctrl_reg=mcucr
                 	#endif
                 ;#include <lcd_i2c_cvavr.h>
                 ;#include <dht_master.h>
                 ;#include <stdlib.h>
                 ;#include <delay.h>
                 ;// Declare your global variables here
                 ;char buff[50];
                 ;uint8_t temperature = 0;
                 ;uint8_t humidity = 0;
                 ;
                 ;void main(void)
                 ; 0000 0023 {
                 
                 	.CSEG
                 _main:
                 ; .FSTART _main
                 ; 0000 0024 // Declare your local variables here
                 ; 0000 0025 
                 ; 0000 0026 // Input/Output Ports initialization
                 ; 0000 0027 // Port A initialization
                 ; 0000 0028 // Function: Bit7=In Bit6=In Bit5=In Bit4=In Bit3=In Bit2=In Bit1=In Bit0=In
                 ; 0000 0029 DDRA=(0<<DDA7) | (0<<DDA6) | (0<<DDA5) | (0<<DDA4) | (0<<DDA3) | (0<<DDA2) | (0<<DDA1) | (0<<DDA0);
00007a e0e0      	LDI  R30,LOW(0)
00007b bbea      	OUT  0x1A,R30
                 ; 0000 002A // State: Bit7=T Bit6=T Bit5=T Bit4=T Bit3=T Bit2=T Bit1=T Bit0=T
                 ; 0000 002B PORTA=(0<<PORTA7) | (0<<PORTA6) | (0<<PORTA5) | (0<<PORTA4) | (0<<PORTA3) | (0<<PORTA2) | (0<<PORTA1) | (0<<PORTA0);
00007c bbeb      	OUT  0x1B,R30
                 ; 0000 002C 
                 ; 0000 002D // Port B initialization
                 ; 0000 002E // Function: Bit7=In Bit6=In Bit5=In Bit4=In Bit3=In Bit2=In Bit1=In Bit0=In
                 ; 0000 002F DDRB=(0<<DDB7) | (0<<DDB6) | (0<<DDB5) | (0<<DDB4) | (0<<DDB3) | (0<<DDB2) | (0<<DDB1) | (0<<DDB0);
00007d bbe7      	OUT  0x17,R30
                 ; 0000 0030 // State: Bit7=T Bit6=T Bit5=T Bit4=T Bit3=T Bit2=T Bit1=T Bit0=T
                 ; 0000 0031 PORTB=(0<<PORTB7) | (0<<PORTB6) | (0<<PORTB5) | (0<<PORTB4) | (0<<PORTB3) | (0<<PORTB2) | (0<<PORTB1) | (0<<PORTB0);
00007e bbe8      	OUT  0x18,R30
                 ; 0000 0032 
                 ; 0000 0033 // Port C initialization
                 ; 0000 0034 // Function: Bit7=In Bit6=In Bit5=In Bit4=In Bit3=In Bit2=In Bit1=In Bit0=In
                 ; 0000 0035 DDRC=(0<<DDC7) | (0<<DDC6) | (0<<DDC5) | (0<<DDC4) | (0<<DDC3) | (0<<DDC2) | (0<<DDC1) | (0<<DDC0);
00007f bbe4      	OUT  0x14,R30
                 ; 0000 0036 // State: Bit7=T Bit6=T Bit5=T Bit4=T Bit3=T Bit2=T Bit1=T Bit0=T
                 ; 0000 0037 PORTC=(0<<PORTC7) | (0<<PORTC6) | (0<<PORTC5) | (0<<PORTC4) | (0<<PORTC3) | (0<<PORTC2) | (0<<PORTC1) | (0<<PORTC0);
000080 bbe5      	OUT  0x15,R30
                 ; 0000 0038 
                 ; 0000 0039 // Port D initialization
                 ; 0000 003A // Function: Bit7=In Bit6=In Bit5=In Bit4=In Bit3=In Bit2=In Bit1=In Bit0=In
                 ; 0000 003B DDRD=(0<<DDD7) | (0<<DDD6) | (0<<DDD5) | (0<<DDD4) | (0<<DDD3) | (0<<DDD2) | (0<<DDD1) | (0<<DDD0);
000081 bbe1      	OUT  0x11,R30
                 ; 0000 003C // State: Bit7=T Bit6=T Bit5=T Bit4=T Bit3=T Bit2=T Bit1=T Bit0=T
                 ; 0000 003D PORTD=(0<<PORTD7) | (0<<PORTD6) | (0<<PORTD5) | (0<<PORTD4) | (0<<PORTD3) | (0<<PORTD2) | (0<<PORTD1) | (0<<PORTD0);
000082 bbe2      	OUT  0x12,R30
                 ; 0000 003E 
                 ; 0000 003F // Timer/Counter 0 initialization
                 ; 0000 0040 // Clock source: System Clock
                 ; 0000 0041 // Clock value: Timer 0 Stopped
                 ; 0000 0042 // Mode: Normal top=0xFF
                 ; 0000 0043 // OC0 output: Disconnected
                 ; 0000 0044 TCCR0=(0<<WGM00) | (0<<COM01) | (0<<COM00) | (0<<WGM01) | (0<<CS02) | (0<<CS01) | (0<<CS00);
000083 bfe3      	OUT  0x33,R30
                 ; 0000 0045 TCNT0=0x00;
000084 bfe2      	OUT  0x32,R30
                 ; 0000 0046 OCR0=0x00;
000085 bfec      	OUT  0x3C,R30
                 ; 0000 0047 
                 ; 0000 0048 // Timer/Counter 1 initialization
                 ; 0000 0049 // Clock source: System Clock
                 ; 0000 004A // Clock value: Timer1 Stopped
                 ; 0000 004B // Mode: Normal top=0xFFFF
                 ; 0000 004C // OC1A output: Disconnected
                 ; 0000 004D // OC1B output: Disconnected
                 ; 0000 004E // Noise Canceler: Off
                 ; 0000 004F // Input Capture on Falling Edge
                 ; 0000 0050 // Timer1 Overflow Interrupt: Off
                 ; 0000 0051 // Input Capture Interrupt: Off
                 ; 0000 0052 // Compare A Match Interrupt: Off
                 ; 0000 0053 // Compare B Match Interrupt: Off
                 ; 0000 0054 TCCR1A=(0<<COM1A1) | (0<<COM1A0) | (0<<COM1B1) | (0<<COM1B0) | (0<<WGM11) | (0<<WGM10);
000086 bdef      	OUT  0x2F,R30
                 ; 0000 0055 TCCR1B=(0<<ICNC1) | (0<<ICES1) | (0<<WGM13) | (0<<WGM12) | (0<<CS12) | (0<<CS11) | (0<<CS10);
000087 bdee      	OUT  0x2E,R30
                 ; 0000 0056 TCNT1H=0x00;
000088 bded      	OUT  0x2D,R30
                 ; 0000 0057 TCNT1L=0x00;
000089 bdec      	OUT  0x2C,R30
                 ; 0000 0058 ICR1H=0x00;
00008a bde7      	OUT  0x27,R30
                 ; 0000 0059 ICR1L=0x00;
00008b bde6      	OUT  0x26,R30
                 ; 0000 005A OCR1AH=0x00;
00008c bdeb      	OUT  0x2B,R30
                 ; 0000 005B OCR1AL=0x00;
00008d bdea      	OUT  0x2A,R30
                 ; 0000 005C OCR1BH=0x00;
00008e bde9      	OUT  0x29,R30
                 ; 0000 005D OCR1BL=0x00;
00008f bde8      	OUT  0x28,R30
                 ; 0000 005E 
                 ; 0000 005F // Timer/Counter 2 initialization
                 ; 0000 0060 // Clock source: System Clock
                 ; 0000 0061 // Clock value: Timer2 Stopped
                 ; 0000 0062 // Mode: Normal top=0xFF
                 ; 0000 0063 // OC2 output: Disconnected
                 ; 0000 0064 ASSR=0<<AS2;
000090 bde2      	OUT  0x22,R30
                 ; 0000 0065 TCCR2=(0<<WGM20) | (0<<COM21) | (0<<COM20) | (0<<WGM21) | (0<<CS22) | (0<<CS21) | (0<<CS20);
000091 bde5      	OUT  0x25,R30
                 ; 0000 0066 TCNT2=0x00;
000092 bde4      	OUT  0x24,R30
                 ; 0000 0067 OCR2=0x00;
000093 bde3      	OUT  0x23,R30
                 ; 0000 0068 
                 ; 0000 0069 // Timer(s)/Counter(s) Interrupt(s) initialization
                 ; 0000 006A TIMSK=(0<<OCIE2) | (0<<TOIE2) | (0<<TICIE1) | (0<<OCIE1A) | (0<<OCIE1B) | (0<<TOIE1) | (0<<OCIE0) | (0<<TOIE0);
000094 bfe9      	OUT  0x39,R30
                 ; 0000 006B 
                 ; 0000 006C // External Interrupt(s) initialization
                 ; 0000 006D // INT0: Off
                 ; 0000 006E // INT1: Off
                 ; 0000 006F // INT2: Off
                 ; 0000 0070 MCUCR=(0<<ISC11) | (0<<ISC10) | (0<<ISC01) | (0<<ISC00);
000095 bfe5      	OUT  0x35,R30
                 ; 0000 0071 MCUCSR=(0<<ISC2);
000096 bfe4      	OUT  0x34,R30
                 ; 0000 0072 
                 ; 0000 0073 // USART initialization
                 ; 0000 0074 // USART disabled
                 ; 0000 0075 UCSRB=(0<<RXCIE) | (0<<TXCIE) | (0<<UDRIE) | (0<<RXEN) | (0<<TXEN) | (0<<UCSZ2) | (0<<RXB8) | (0<<TXB8);
000097 b9ea      	OUT  0xA,R30
                 ; 0000 0076 
                 ; 0000 0077 // Analog Comparator initialization
                 ; 0000 0078 // Analog Comparator: Off
                 ; 0000 0079 // The Analog Comparator's positive input is
                 ; 0000 007A // connected to the AIN0 pin
                 ; 0000 007B // The Analog Comparator's negative input is
                 ; 0000 007C // connected to the AIN1 pin
                 ; 0000 007D ACSR=(1<<ACD) | (0<<ACBG) | (0<<ACO) | (0<<ACI) | (0<<ACIE) | (0<<ACIC) | (0<<ACIS1) | (0<<ACIS0);
000098 e8e0      	LDI  R30,LOW(128)
000099 b9e8      	OUT  0x8,R30
                 ; 0000 007E SFIOR=(0<<ACME);
00009a e0e0      	LDI  R30,LOW(0)
00009b bfe0      	OUT  0x30,R30
                 ; 0000 007F 
                 ; 0000 0080 // ADC initialization
                 ; 0000 0081 // ADC disabled
                 ; 0000 0082 ADCSRA=(0<<ADEN) | (0<<ADSC) | (0<<ADATE) | (0<<ADIF) | (0<<ADIE) | (0<<ADPS2) | (0<<ADPS1) | (0<<ADPS0);
00009c b9e6      	OUT  0x6,R30
                 ; 0000 0083 
                 ; 0000 0084 // SPI initialization
                 ; 0000 0085 // SPI disabled
                 ; 0000 0086 SPCR=(0<<SPIE) | (0<<SPE) | (0<<DORD) | (0<<MSTR) | (0<<CPOL) | (0<<CPHA) | (0<<SPR1) | (0<<SPR0);
00009d b9ed      	OUT  0xD,R30
                 ; 0000 0087 
                 ; 0000 0088 // TWI initialization
                 ; 0000 0089 // TWI disabled
                 ; 0000 008A TWCR=(0<<TWEA) | (0<<TWSTA) | (0<<TWSTO) | (0<<TWEN) | (0<<TWIE);
00009e bfe6      	OUT  0x36,R30
                 ; 0000 008B 
                 ; 0000 008C lcd_begin(0x27, 16, 2);  // bisa dirubah alamat i2c nya, biasanya 0x27 dan 0x3F
00009f e2e7      	LDI  R30,LOW(39)
0000a0 93ea      	ST   -Y,R30
0000a1 e1e0      	LDI  R30,LOW(16)
0000a2 93ea      	ST   -Y,R30
0000a3 e0a2      	LDI  R26,LOW(2)
0000a4 d02a      	RCALL _lcd_begin
                 ; 0000 008D lcd_clear();
0000a5 d05d      	RCALL _lcd_clear
                 ; 0000 008E while (1)
                 _0x3:
                 ; 0000 008F       {
                 ; 0000 0090 
                 ; 0000 0091 		if(dht_gettemperaturehumidity(&temperature, &humidity) != -1) {
0000a6 e0e5      	LDI  R30,LOW(5)
0000a7 e0f0      	LDI  R31,HIGH(5)
0000a8 d1c3      	RCALL SUBOPT_0x0
0000a9 e0a4      	LDI  R26,LOW(4)
0000aa e0b0      	LDI  R27,HIGH(4)
0000ab d15d      	RCALL _dht_gettemperaturehumidity
0000ac 2fae      	MOV  R26,R30
0000ad efef      	LDI  R30,LOW(255)
0000ae e0b0      	LDI  R27,0
0000af efff      	SER  R31
0000b0 17ea      	CP   R30,R26
0000b1 07fb      	CPC  R31,R27
0000b2 f0a1      	BREQ _0x6
                 ; 0000 0092 			itoa(temperature, buff);
0000b3 2de5      	MOV  R30,R5
0000b4 d1ba      	RCALL SUBOPT_0x1
                 ; 0000 0093             lcd_gotoxy(0,0);
0000b5 e0a0      	LDI  R26,LOW(0)
0000b6 d055      	RCALL _lcd_gotoxy
                 ; 0000 0094 			lcd_print("temperature: "); lcd_print(buff); lcd_print("C");
                +
0000b7 eea0     +LDI R26 , LOW ( _0x7 + ( 0 ) )
0000b8 e0b0     +LDI R27 , HIGH ( _0x7 + ( 0 ) )
                 	__POINTW2MN _0x7,0
0000b9 d1bd      	RCALL SUBOPT_0x2
                +
0000ba eeae     +LDI R26 , LOW ( _0x7 + ( 14 ) )
0000bb e0b0     +LDI R27 , HIGH ( _0x7 + ( 14 ) )
                 	__POINTW2MN _0x7,14
0000bc d087      	RCALL _lcd_print
                 ; 0000 0095 			itoa(humidity, buff);
0000bd 2de4      	MOV  R30,R4
0000be d1b0      	RCALL SUBOPT_0x1
                 ; 0000 0096             lcd_gotoxy(0,1);
0000bf e0a1      	LDI  R26,LOW(1)
0000c0 d04b      	RCALL _lcd_gotoxy
                 ; 0000 0097 			lcd_print("humidity: "); lcd_print(buff); lcd_print("% RH");
                +
0000c1 efa0     +LDI R26 , LOW ( _0x7 + ( 16 ) )
0000c2 e0b0     +LDI R27 , HIGH ( _0x7 + ( 16 ) )
                 	__POINTW2MN _0x7,16
0000c3 d1b3      	RCALL SUBOPT_0x2
                +
0000c4 efab     +LDI R26 , LOW ( _0x7 + ( 27 ) )
0000c5 e0b0     +LDI R27 , HIGH ( _0x7 + ( 27 ) )
                 	__POINTW2MN _0x7,27
0000c6 c002      	RJMP _0xA
                 ; 0000 0098 
                 ; 0000 0099 		} else {
                 _0x6:
                 ; 0000 009A 			lcd_print("error");
                +
0000c7 e0a0     +LDI R26 , LOW ( _0x7 + ( 32 ) )
0000c8 e0b1     +LDI R27 , HIGH ( _0x7 + ( 32 ) )
                 	__POINTW2MN _0x7,32
                 _0xA:
0000c9 d07a      	RCALL _lcd_print
                 ; 0000 009B 		}
                 ; 0000 009C 
                 ; 0000 009D 		delay_ms(500);
0000ca efa4      	LDI  R26,LOW(500)
0000cb e0b1      	LDI  R27,HIGH(500)
0000cc d1cb      	RCALL _delay_ms
                 ; 0000 009E       }
0000cd cfd8      	RJMP _0x3
                 ; 0000 009F 
                 ; 0000 00A0 }
                 _0x9:
0000ce cfff      	RJMP _0x9
                 ; .FEND
                 
                 	.DSEG
                 _0x7:
0000e0           	.BYTE 0x26
                 
                 	.CSEG
                 _lcd_begin:
                 ; .FSTART _lcd_begin
0000cf 93aa      	ST   -Y,R26
0000d0 807a      	LDD  R7,Y+2
0000d1 80b9      	LDD  R11,Y+1
0000d2 80a8      	LDD  R10,Y+0
0000d3 24dd      	CLR  R13
0000d4 e0e8      	LDI  R30,LOW(8)
0000d5 2ece      	MOV  R12,R30
0000d6 d168      	RCALL _wire_begin
0000d7 2466      	CLR  R6
0000d8 e0e1      	LDI  R30,LOW(1)
0000d9 15ea      	CP   R30,R10
0000da f410      	BRSH _0x2000003
0000db e0e8      	LDI  R30,LOW(8)
0000dc 2a6e      	OR   R6,R30
                 _0x2000003:
0000dd 20dd      	TST  R13
0000de f019      	BREQ _0x2000005
0000df e0e1      	LDI  R30,LOW(1)
0000e0 15ea      	CP   R30,R10
0000e1 f009      	BREQ _0x2000006
                 _0x2000005:
0000e2 c002      	RJMP _0x2000004
                 _0x2000006:
0000e3 e0e4      	LDI  R30,LOW(4)
0000e4 2a6e      	OR   R6,R30
                 _0x2000004:
0000e5 e3a2      	LDI  R26,LOW(50)
0000e6 d194      	RCALL SUBOPT_0x3
0000e7 2dac      	MOV  R26,R12
0000e8 d080      	RCALL _expanderWrite
0000e9 eea8      	LDI  R26,LOW(1000)
0000ea e0b3      	LDI  R27,HIGH(1000)
0000eb d1ac      	RCALL _delay_ms
0000ec d190      	RCALL SUBOPT_0x4
0000ed d18f      	RCALL SUBOPT_0x4
0000ee e3a0      	LDI  R26,LOW(48)
0000ef d073      	RCALL _write4bits
                +
0000f0 e588     +LDI R24 , LOW ( 600 )
0000f1 e092     +LDI R25 , HIGH ( 600 )
                +__DELAY_USW_LOOP :
0000f2 9701     +SBIW R24 , 1
0000f3 f7f1     +BRNE __DELAY_USW_LOOP
                 	__DELAY_USW 600
0000f4 e2a0      	LDI  R26,LOW(32)
0000f5 d06d      	RCALL _write4bits
0000f6 2de6      	MOV  R30,R6
0000f7 62e0      	ORI  R30,0x20
0000f8 d18b      	RCALL SUBOPT_0x5
0000f9 e0e4      	LDI  R30,LOW(4)
0000fa 2e9e      	MOV  R9,R30
0000fb d035      	RCALL _lcd_display
0000fc d006      	RCALL _lcd_clear
0000fd e0e2      	LDI  R30,LOW(2)
0000fe 2e8e      	MOV  R8,R30
0000ff 60e4      	ORI  R30,4
000100 d183      	RCALL SUBOPT_0x5
000101 d003      	RCALL _lcd_home
000102 c15c      	RJMP _0x2100002
                 ; .FEND
                 _lcd_clear:
                 ; .FSTART _lcd_clear
000103 e0a1      	LDI  R26,LOW(1)
000104 c001      	RJMP _0x2100006
                 ; .FEND
                 _lcd_home:
                 ; .FSTART _lcd_home
000105 e0a2      	LDI  R26,LOW(2)
                 _0x2100006:
000106 d030      	RCALL _lcd_command
                +
000107 e480     +LDI R24 , LOW ( 8000 )
000108 e19f     +LDI R25 , HIGH ( 8000 )
                +__DELAY_USW_LOOP :
000109 9701     +SBIW R24 , 1
00010a f7f1     +BRNE __DELAY_USW_LOOP
                 	__DELAY_USW 8000
00010b 9508      	RET
                 ; .FEND
                 _lcd_gotoxy:
                 ; .FSTART _lcd_gotoxy
00010c 93aa      	ST   -Y,R26
00010d 9728      	SBIW R28,8
00010e e0e0      	LDI  R30,LOW(0)
00010f 83e8      	ST   Y,R30
000110 83e9      	STD  Y+1,R30
000111 e4e0      	LDI  R30,LOW(64)
000112 83ea      	STD  Y+2,R30
000113 e0e0      	LDI  R30,LOW(0)
000114 83eb      	STD  Y+3,R30
000115 e1e4      	LDI  R30,LOW(20)
000116 83ec      	STD  Y+4,R30
000117 e0e0      	LDI  R30,LOW(0)
000118 83ed      	STD  Y+5,R30
000119 e5e4      	LDI  R30,LOW(84)
00011a 83ee      	STD  Y+6,R30
00011b e0e0      	LDI  R30,LOW(0)
00011c 83ef      	STD  Y+7,R30
00011d 85a8      	LDD  R26,Y+8
00011e 16aa      	CP   R10,R26
00011f f418      	BRSH _0x2000007
000120 2dea      	MOV  R30,R10
000121 50e1      	SUBI R30,LOW(1)
000122 87e8      	STD  Y+8,R30
                 _0x2000007:
000123 85e8      	LDD  R30,Y+8
000124 e0f0      	LDI  R31,0
000125 01de      	MOVW R26,R28
000126 0fee      	LSL  R30
000127 1fff      	ROL  R31
000128 0fae      	ADD  R26,R30
000129 1fbf      	ADC  R27,R31
00012a 91ec      	LD   R30,X
00012b 85a9      	LDD  R26,Y+9
00012c 0fea      	ADD  R30,R26
00012d 68e0      	ORI  R30,0x80
00012e d155      	RCALL SUBOPT_0x5
00012f 962a      	ADIW R28,10
000130 9508      	RET
                 ; .FEND
                 _lcd_display:
                 ; .FSTART _lcd_display
000131 e0e4      	LDI  R30,LOW(4)
000132 2a9e      	OR   R9,R30
000133 2de9      	MOV  R30,R9
000134 60e8      	ORI  R30,8
000135 d14e      	RCALL SUBOPT_0x5
000136 9508      	RET
                 ; .FEND
                 _lcd_command:
                 ; .FSTART _lcd_command
000137 93aa      	ST   -Y,R26
000138 81e8      	LD   R30,Y
000139 93ea      	ST   -Y,R30
00013a e0a0      	LDI  R26,LOW(0)
00013b d016      	RCALL _send
00013c c12d      	RJMP _0x2100001
                 ; .FEND
                 _lcd_write:
                 ; .FSTART _lcd_write
00013d 93aa      	ST   -Y,R26
00013e 81e8      	LD   R30,Y
00013f 93ea      	ST   -Y,R30
000140 e0a1      	LDI  R26,LOW(1)
000141 d010      	RCALL _send
000142 e0e1      	LDI  R30,LOW(1)
000143 c126      	RJMP _0x2100001
                 ; .FEND
                 _lcd_print:
                 ; .FSTART _lcd_print
000144 d141      	RCALL SUBOPT_0x6
                 _0x2000008:
000145 81a8      	LD   R26,Y
000146 81b9      	LDD  R27,Y+1
000147 91ec      	LD   R30,X
000148 30e0      	CPI  R30,0
000149 f031      	BREQ _0x200000A
00014a 91ed      	LD   R30,X+
00014b 83a8      	ST   Y,R26
00014c 83b9      	STD  Y+1,R27
00014d 2fae      	MOV  R26,R30
00014e dfee      	RCALL _lcd_write
00014f cff5      	RJMP _0x2000008
                 _0x200000A:
000150 9622      	ADIW R28,2
000151 9508      	RET
                 ; .FEND
                 _send:
                 ; .FSTART _send
000152 93aa      	ST   -Y,R26
000153 d158      	RCALL __SAVELOCR2
000154 81eb      	LDD  R30,Y+3
000155 7fe0      	ANDI R30,LOW(0xF0)
000156 2f1e      	MOV  R17,R30
000157 81eb      	LDD  R30,Y+3
000158 95e2      	SWAP R30
000159 7fe0      	ANDI R30,LOW(0xF0)
00015a 2f0e      	MOV  R16,R30
00015b 81aa      	LDD  R26,Y+2
00015c 2ba1      	OR   R26,R17
00015d d005      	RCALL _write4bits
00015e 81aa      	LDD  R26,Y+2
00015f 2ba0      	OR   R26,R16
000160 d002      	RCALL _write4bits
000161 d14f      	RCALL __LOADLOCR2
000162 c0ad      	RJMP _0x2100003
                 ; .FEND
                 _write4bits:
                 ; .FSTART _write4bits
000163 93aa      	ST   -Y,R26
000164 81a8      	LD   R26,Y
000165 d003      	RCALL _expanderWrite
000166 81a8      	LD   R26,Y
000167 d00d      	RCALL _pulseEnable
000168 c101      	RJMP _0x2100001
                 ; .FEND
                 _expanderWrite:
                 ; .FSTART _expanderWrite
000169 93aa      	ST   -Y,R26
00016a d0d9      	RCALL _wire_send_start
00016b 927a      	ST   -Y,R7
00016c e0a0      	LDI  R26,LOW(0)
00016d d0e0      	RCALL _wire_send_add_rw
00016e 2dec      	MOV  R30,R12
00016f 81a8      	LD   R26,Y
000170 2bea      	OR   R30,R26
000171 2fae      	MOV  R26,R30
000172 d0ee      	RCALL _wire_send_byte
000173 d0d7      	RCALL _wire_send_stop
000174 c0f5      	RJMP _0x2100001
                 ; .FEND
                 _pulseEnable:
                 ; .FSTART _pulseEnable
000175 93aa      	ST   -Y,R26
000176 81e8      	LD   R30,Y
000177 60e4      	ORI  R30,4
000178 2fae      	MOV  R26,R30
000179 dfef      	RCALL _expanderWrite
                +
00017a e085     +LDI R24 , LOW ( 5 )
                +__DELAY_USB_LOOP :
00017b 958a     +DEC R24
00017c f7f1     +BRNE __DELAY_USB_LOOP
                 	__DELAY_USB 5
00017d 81e8      	LD   R30,Y
00017e 7feb      	ANDI R30,0xFB
00017f 2fae      	MOV  R26,R30
000180 dfe8      	RCALL _expanderWrite
                +
000181 ec88     +LDI R24 , LOW ( 200 )
000182 e090     +LDI R25 , HIGH ( 200 )
                +__DELAY_USW_LOOP :
000183 9701     +SBIW R24 , 1
000184 f7f1     +BRNE __DELAY_USW_LOOP
                 	__DELAY_USW 200
000185 c0e4      	RJMP _0x2100001
                 ; .FEND
                 	#ifndef __SLEEP_DEFINED__
                 	#endif
                 
                 	.CSEG
                 
                 	.CSEG
                 _memset:
                 ; .FSTART _memset
000186 d0ff      	RCALL SUBOPT_0x6
000187 81b9          ldd  r27,y+1
000188 81a8          ld   r26,y
000189 9610          adiw r26,0
00018a f031          breq memset1
00018b 81fc          ldd  r31,y+4
00018c 81eb          ldd  r30,y+3
00018d 816a          ldd  r22,y+2
                 memset0:
00018e 9361          st   z+,r22
00018f 9711          sbiw r26,1
000190 f7e9          brne memset0
                 memset1:
000191 81eb          ldd  r30,y+3
000192 81fc          ldd  r31,y+4
000193 9625      	ADIW R28,5
000194 9508      	RET
                 ; .FEND
                 	#ifndef __SLEEP_DEFINED__
                 	#endif
                 
                 	.CSEG
                 _dht_getdata:
                 ; .FSTART _dht_getdata
000195 d0f0      	RCALL SUBOPT_0x6
000196 9725      	SBIW R28,5
000197 d112      	RCALL __SAVELOCR4
000198 e000      	LDI  R16,0
                +
000199 e020     +LDI R18 , LOW ( 0 )
00019a e030     +LDI R19 , HIGH ( 0 )
                 	__GETWRN 18,19,0
00019b 01fe      	MOVW R30,R28
00019c 9634      	ADIW R30,4
00019d d0ce      	RCALL SUBOPT_0x0
00019e e0e0      	LDI  R30,LOW(0)
00019f 93ea      	ST   -Y,R30
0001a0 e0a5      	LDI  R26,LOW(5)
0001a1 e0b0      	LDI  R27,0
0001a2 dfe3      	RCALL _memset
0001a3 d0e5      	RCALL SUBOPT_0x7
0001a4 98d8      	CBI  0x1B,0
0001a5 e1a2      	LDI  R26,LOW(18)
0001a6 d0d4      	RCALL SUBOPT_0x3
0001a7 9ad8      	SBI  0x1B,0
0001a8 98d0      	CBI  0x1A,0
                +
0001a9 ed85     +LDI R24 , LOW ( 213 )
                +__DELAY_USB_LOOP :
0001aa 958a     +DEC R24
0001ab f7f1     +BRNE __DELAY_USB_LOOP
                 	__DELAY_USB 213
0001ac 99c8      	SBIC 0x19,0
0001ad c057      	RJMP _0x2100005
0001ae d0de      	RCALL SUBOPT_0x8
0001af 9bc8      	SBIS 0x19,0
0001b0 c054      	RJMP _0x2100005
0001b1 d0db      	RCALL SUBOPT_0x8
0001b2 e000      	LDI  R16,LOW(0)
                 _0x2060006:
0001b3 3005      	CPI  R16,5
0001b4 f598      	BRSH _0x2060007
0001b5 9721      	SBIW R28,1
0001b6 e0e0      	LDI  R30,LOW(0)
0001b7 83e8      	ST   Y,R30
0001b8 e010      	LDI  R17,LOW(0)
                 _0x2060009:
0001b9 3018      	CPI  R17,8
0001ba f510      	BRSH _0x206000A
                +
0001bb e020     +LDI R18 , LOW ( 0 )
0001bc e030     +LDI R19 , HIGH ( 0 )
                 	__GETWRN 18,19,0
                 _0x206000B:
0001bd 99c8      	SBIC 0x19,0
0001be c006      	RJMP _0x206000D
0001bf d0d2      	RCALL SUBOPT_0x9
0001c0 f018      	BRLO _0x206000E
0001c1 efef      	LDI  R30,LOW(255)
0001c2 9621      	ADIW R28,1
0001c3 c042      	RJMP _0x2100004
                 _0x206000E:
0001c4 cff8      	RJMP _0x206000B
                 _0x206000D:
                +
0001c5 ea80     +LDI R24 , LOW ( 160 )
                +__DELAY_USB_LOOP :
0001c6 958a     +DEC R24
0001c7 f7f1     +BRNE __DELAY_USB_LOOP
                 	__DELAY_USB 160
0001c8 9bc8      	SBIS 0x19,0
0001c9 c007      	RJMP _0x206000F
0001ca e0e7      	LDI  R30,LOW(7)
0001cb 1be1      	SUB  R30,R17
0001cc e0a1      	LDI  R26,LOW(1)
0001cd d0d4      	RCALL __LSLB12
0001ce 81a8      	LD   R26,Y
0001cf 2bea      	OR   R30,R26
0001d0 83e8      	ST   Y,R30
                 _0x206000F:
                +
0001d1 e020     +LDI R18 , LOW ( 0 )
0001d2 e030     +LDI R19 , HIGH ( 0 )
                 	__GETWRN 18,19,0
                 _0x2060010:
0001d3 9bc8      	SBIS 0x19,0
0001d4 c006      	RJMP _0x2060012
0001d5 d0bc      	RCALL SUBOPT_0x9
0001d6 f018      	BRLO _0x2060013
0001d7 efef      	LDI  R30,LOW(255)
0001d8 9621      	ADIW R28,1
0001d9 c02c      	RJMP _0x2100004
                 _0x2060013:
0001da cff8      	RJMP _0x2060010
                 _0x2060012:
0001db 5f1f      	SUBI R17,-1
0001dc cfdc      	RJMP _0x2060009
                 _0x206000A:
0001dd 2fe0      	MOV  R30,R16
0001de e0f0      	LDI  R31,0
0001df 01de      	MOVW R26,R28
0001e0 9615      	ADIW R26,5
0001e1 0fea      	ADD  R30,R26
0001e2 1ffb      	ADC  R31,R27
0001e3 81a8      	LD   R26,Y
0001e4 83a0      	STD  Z+0,R26
0001e5 9621      	ADIW R28,1
0001e6 5f0f      	SUBI R16,-1
0001e7 cfcb      	RJMP _0x2060006
                 _0x2060007:
0001e8 d0a0      	RCALL SUBOPT_0x7
0001e9 81ac      	LDD  R26,Y+4
0001ea 27bb      	CLR  R27
0001eb 81ed      	LDD  R30,Y+5
0001ec e0f0      	LDI  R31,0
0001ed 0fae      	ADD  R26,R30
0001ee 1fbf      	ADC  R27,R31
0001ef 81ee      	LDD  R30,Y+6
0001f0 e0f0      	LDI  R31,0
0001f1 0fae      	ADD  R26,R30
0001f2 1fbf      	ADC  R27,R31
0001f3 81ef      	LDD  R30,Y+7
0001f4 e0f0      	LDI  R31,0
0001f5 0fea      	ADD  R30,R26
0001f6 1ffb      	ADC  R31,R27
0001f7 2fae      	MOV  R26,R30
0001f8 85e8      	LDD  R30,Y+8
0001f9 17ea      	CP   R30,R26
0001fa f451      	BRNE _0x2060014
0001fb 81ee      	LDD  R30,Y+6
0001fc 85ab      	LDD  R26,Y+11
0001fd 85bc      	LDD  R27,Y+11+1
0001fe 93ec      	ST   X,R30
0001ff 81ec      	LDD  R30,Y+4
000200 85a9      	LDD  R26,Y+9
000201 85ba      	LDD  R27,Y+9+1
000202 93ec      	ST   X,R30
000203 e0e0      	LDI  R30,LOW(0)
000204 c001      	RJMP _0x2100004
                 _0x2060014:
                 _0x2100005:
000205 efef      	LDI  R30,LOW(255)
                 _0x2100004:
000206 d0a8      	RCALL __LOADLOCR4
000207 962d      	ADIW R28,13
000208 9508      	RET
                 ; .FEND
                 _dht_gettemperaturehumidity:
                 ; .FSTART _dht_gettemperaturehumidity
000209 d07c      	RCALL SUBOPT_0x6
00020a 81ea      	LDD  R30,Y+2
00020b 81fb      	LDD  R31,Y+2+1
00020c d05f      	RCALL SUBOPT_0x0
00020d 81aa      	LDD  R26,Y+2
00020e 81bb      	LDD  R27,Y+2+1
00020f df85      	RCALL _dht_getdata
                 _0x2100003:
000210 9624      	ADIW R28,4
000211 9508      	RET
                 ; .FEND
                 
                 	.CSEG
                 _itoa:
                 ; .FSTART _itoa
000212 d073      	RCALL SUBOPT_0x6
000213 91a9          ld   r26,y+
000214 91b9          ld   r27,y+
000215 91e9          ld   r30,y+
000216 91f9          ld   r31,y+
000217 9630          adiw r30,0
000218 f42a          brpl __itoa0
000219 95e0          com  r30
00021a 95f0          com  r31
00021b 9631          adiw r30,1
00021c e26d          ldi  r22,'-'
00021d 936d          st   x+,r22
                 __itoa0:
00021e 94e8          clt
00021f e180          ldi  r24,low(10000)
000220 e297          ldi  r25,high(10000)
000221 d00d          rcall __itoa1
000222 ee88          ldi  r24,low(1000)
000223 e093          ldi  r25,high(1000)
000224 d00a          rcall __itoa1
000225 e684          ldi  r24,100
000226 2799          clr  r25
000227 d007          rcall __itoa1
000228 e08a          ldi  r24,10
000229 d005          rcall __itoa1
00022a 2f6e          mov  r22,r30
00022b d010          rcall __itoa5
00022c 2766          clr  r22
00022d 936c          st   x,r22
00022e 9508          ret
                 
                 __itoa1:
00022f 2766          clr	 r22
                 __itoa2:
000230 17e8          cp   r30,r24
000231 07f9          cpc  r31,r25
000232 f020          brlo __itoa3
000233 9563          inc  r22
000234 1be8          sub  r30,r24
000235 0bf9          sbc  r31,r25
000236 f7c9          brne __itoa2
                 __itoa3:
000237 2366          tst  r22
000238 f411          brne __itoa4
000239 f016          brts __itoa5
00023a 9508          ret
                 __itoa4:
00023b 9468          set
                 __itoa5:
00023c 5d60          subi r22,-0x30
00023d 936d          st   x+,r22
00023e 9508          ret
                 ; .FEND
                 
                 	.DSEG
                 
                 	.CSEG
                 	#ifndef __SLEEP_DEFINED__
                 	#endif
                 
                 	.CSEG
                 _wire_begin:
                 ; .FSTART _wire_begin
00023f e1e0      	LDI  R30,LOW(16)
000240 b9e0      	OUT  0x0,R30
000241 9aa8      	SBI  0x15,0
000242 9aa9      	SBI  0x15,1
000243 9508      	RET
                 ; .FEND
                 _wire_send_start:
                 ; .FSTART _wire_send_start
000244 eae4      	LDI  R30,LOW(164)
000245 bfe6      	OUT  0x36,R30
                 _0x20A0007:
000246 b7e6      	IN   R30,0x36
000247 78e0      	ANDI R30,LOW(0x80)
000248 f3e9      	BREQ _0x20A0007
000249 b1e1      	IN   R30,0x1
00024a 9508      	RET
                 ; .FEND
                 _wire_send_stop:
                 ; .FSTART _wire_send_stop
00024b e9e4      	LDI  R30,LOW(148)
00024c bfe6      	OUT  0x36,R30
00024d 9508      	RET
                 ; .FEND
                 _wire_send_add_rw:
                 ; .FSTART _wire_send_add_rw
00024e 93aa      	ST   -Y,R26
00024f 931a      	ST   -Y,R17
000250 e010      	LDI  R17,0
000251 81ea      	LDD  R30,Y+2
000252 0fee      	LSL  R30
000253 2f1e      	MOV  R17,R30
000254 81e9      	LDD  R30,Y+1
000255 2b1e      	OR   R17,R30
000256 6410      	ORI  R17,LOW(64)
000257 b913      	OUT  0x3,R17
000258 e8e4      	LDI  R30,LOW(132)
000259 bfe6      	OUT  0x36,R30
                 _0x20A000A:
00025a b7e6      	IN   R30,0x36
00025b 78e0      	ANDI R30,LOW(0x80)
00025c f3e9      	BREQ _0x20A000A
00025d b1e1      	IN   R30,0x1
00025e 8118      	LDD  R17,Y+0
                 _0x2100002:
00025f 9623      	ADIW R28,3
000260 9508      	RET
                 ; .FEND
                 _wire_send_byte:
                 ; .FSTART _wire_send_byte
000261 93aa      	ST   -Y,R26
000262 81e8      	LD   R30,Y
000263 b9e3      	OUT  0x3,R30
000264 e8e4      	LDI  R30,LOW(132)
000265 bfe6      	OUT  0x36,R30
                 _0x20A000D:
000266 b7e6      	IN   R30,0x36
000267 78e0      	ANDI R30,LOW(0x80)
000268 f3e9      	BREQ _0x20A000D
000269 b1e1      	IN   R30,0x1
                 _0x2100001:
00026a 9621      	ADIW R28,1
00026b 9508      	RET
                 ; .FEND
                 
                 	.CSEG
                 
                 	.CSEG
                 
                 	.DSEG
                 _buff:
000106           	.BYTE 0x32
                 __seed_G104:
000138           	.BYTE 0x4
                 _input:
00013c           	.BYTE 0x1
                 
                 	.CSEG
                 ;OPTIMIZER ADDED SUBROUTINE, CALLED 5 TIMES, CODE SIZE REDUCTION:2 WORDS
                 SUBOPT_0x0:
00026c 93fa      	ST   -Y,R31
00026d 93ea      	ST   -Y,R30
00026e 9508      	RET
                 
                 ;OPTIMIZER ADDED SUBROUTINE, CALLED 2 TIMES, CODE SIZE REDUCTION:4 WORDS
                 SUBOPT_0x1:
00026f e0f0      	LDI  R31,0
000270 dffb      	RCALL SUBOPT_0x0
000271 e0a6      	LDI  R26,LOW(_buff)
000272 e0b1      	LDI  R27,HIGH(_buff)
000273 df9e      	RCALL _itoa
000274 e0e0      	LDI  R30,LOW(0)
000275 93ea      	ST   -Y,R30
000276 9508      	RET
                 
                 ;OPTIMIZER ADDED SUBROUTINE, CALLED 2 TIMES, CODE SIZE REDUCTION:1 WORDS
                 SUBOPT_0x2:
000277 decc      	RCALL _lcd_print
000278 e0a6      	LDI  R26,LOW(_buff)
000279 e0b1      	LDI  R27,HIGH(_buff)
00027a cec9      	RJMP _lcd_print
                 
                 ;OPTIMIZER ADDED SUBROUTINE, CALLED 4 TIMES, CODE SIZE REDUCTION:1 WORDS
                 SUBOPT_0x3:
00027b e0b0      	LDI  R27,0
00027c c01b      	RJMP _delay_ms
                 
                 ;OPTIMIZER ADDED SUBROUTINE, CALLED 2 TIMES, CODE SIZE REDUCTION:3 WORDS
                 SUBOPT_0x4:
00027d e3a0      	LDI  R26,LOW(48)
00027e dee4      	RCALL _write4bits
                +
00027f e580     +LDI R24 , LOW ( 18000 )
000280 e496     +LDI R25 , HIGH ( 18000 )
                +__DELAY_USW_LOOP :
000281 9701     +SBIW R24 , 1
000282 f7f1     +BRNE __DELAY_USW_LOOP
                 	__DELAY_USW 18000
000283 9508      	RET
                 
                 ;OPTIMIZER ADDED SUBROUTINE, CALLED 4 TIMES, CODE SIZE REDUCTION:1 WORDS
                 SUBOPT_0x5:
000284 2fae      	MOV  R26,R30
000285 ceb1      	RJMP _lcd_command
                 
                 ;OPTIMIZER ADDED SUBROUTINE, CALLED 5 TIMES, CODE SIZE REDUCTION:2 WORDS
                 SUBOPT_0x6:
000286 93ba      	ST   -Y,R27
000287 93aa      	ST   -Y,R26
000288 9508      	RET
                 
                 ;OPTIMIZER ADDED SUBROUTINE, CALLED 2 TIMES, CODE SIZE REDUCTION:1 WORDS
                 SUBOPT_0x7:
000289 9ad0      	SBI  0x1A,0
00028a 9ad8      	SBI  0x1B,0
00028b e6a4      	LDI  R26,LOW(100)
00028c cfee      	RJMP SUBOPT_0x3
                 
                 ;OPTIMIZER ADDED SUBROUTINE, CALLED 2 TIMES, CODE SIZE REDUCTION:1 WORDS
                 SUBOPT_0x8:
                +
00028d e480     +LDI R24 , LOW ( 320 )
00028e e091     +LDI R25 , HIGH ( 320 )
                +__DELAY_USW_LOOP :
00028f 9701     +SBIW R24 , 1
000290 f7f1     +BRNE __DELAY_USW_LOOP
                 	__DELAY_USW 320
000291 9508      	RET
                 
                 ;OPTIMIZER ADDED SUBROUTINE, CALLED 2 TIMES, CODE SIZE REDUCTION:2 WORDS
                 SUBOPT_0x9:
                +
000292 5f2f     +SUBI R18 , LOW ( - 1 )
000293 4f3f     +SBCI R19 , HIGH ( - 1 )
                 	__ADDWRN 18,19,1
                +
000294 3c29     +CPI R18 , LOW ( 201 )
000295 e0e0     +LDI R30 , HIGH ( 201 )
000296 073e     +CPC R19 , R30
                 	__CPWRN 18,19,201
000297 9508      	RET
                 
                 
                 	.CSEG
                 _delay_ms:
000298 9610      	adiw r26,0
000299 f039      	breq __delay_ms1
                 __delay_ms0:
00029a 95a8      	wdr
                +
00029b ea80     +LDI R24 , LOW ( 0xFA0 )
00029c e09f     +LDI R25 , HIGH ( 0xFA0 )
                +__DELAY_USW_LOOP :
00029d 9701     +SBIW R24 , 1
00029e f7f1     +BRNE __DELAY_USW_LOOP
                 	__DELAY_USW 0xFA0
00029f 9711      	sbiw r26,1
0002a0 f7c9      	brne __delay_ms0
                 __delay_ms1:
0002a1 9508      	ret
                 
                 __LSLB12:
0002a2 23ee      	TST  R30
0002a3 2e0e      	MOV  R0,R30
0002a4 2fea      	MOV  R30,R26
0002a5 f019      	BREQ __LSLB12R
                 __LSLB12L:
0002a6 0fee      	LSL  R30
0002a7 940a      	DEC  R0
0002a8 f7e9      	BRNE __LSLB12L
                 __LSLB12R:
0002a9 9508      	RET
                 
                 __SAVELOCR4:
0002aa 933a      	ST   -Y,R19
                 __SAVELOCR3:
0002ab 932a      	ST   -Y,R18
                 __SAVELOCR2:
0002ac 931a      	ST   -Y,R17
0002ad 930a      	ST   -Y,R16
0002ae 9508      	RET
                 
                 __LOADLOCR4:
0002af 813b      	LDD  R19,Y+3
                 __LOADLOCR3:
0002b0 812a      	LDD  R18,Y+2
                 __LOADLOCR2:
0002b1 8119      	LDD  R17,Y+1
0002b2 8108      	LD   R16,Y
0002b3 9508      	RET
                 
                 ;END OF CODE MARKER
                 __END_OF_CODE:


RESOURCE USE INFORMATION
------------------------

Notice:
The register and instruction counts are symbol table hit counts,
and hence implicitly used resources are not counted, eg, the
'lpm' instruction without operands implicitly uses r0 and z,
none of which are counted.

x,y,z are separate entities in the symbol table and are
counted separately from r26..r31 here.

.dseg memory usage only counts static data declared with .byte

ATmega8535 register use summary:
r0 :   6 r1 :   1 r2 :   0 r3 :   0 r4 :   1 r5 :   1 r6 :   4 r7 :   2 
r8 :   1 r9 :   3 r10:   5 r11:   1 r12:   3 r13:   2 r14:   0 r15:   0 
r16:   9 r17:  15 r18:   7 r19:   7 r20:   0 r21:   0 r22:  14 r23:   0 
r24:  31 r25:  13 r26:  87 r27:  30 r28:  17 r29:   1 r30: 206 r31:  26 
x  :  11 y  :  94 z  :   9 
Registers used: 28 out of 35 (80.0%)

ATmega8535 instruction use summary:
.lds  :   0 .lds.l:   0 .sts  :   0 .sts.l:   0 adc   :   5 add   :   6 
adiw  :  16 and   :   0 andi  :   6 asr   :   0 bclr  :   0 bld   :   0 
brbc  :   0 brbs  :   0 brcc  :   0 brcs  :   0 break :   0 breq  :  11 
brge  :   0 brhc  :   0 brhs  :   0 brid  :   0 brie  :   0 brlo  :   3 
brlt  :   0 brmi  :   0 brne  :  18 brpl  :   1 brsh  :   4 brtc  :   0 
brts  :   1 brvc  :   0 brvs  :   0 bset  :   0 bst   :   0 cbi   :   2 
cbr   :   0 clc   :   0 clh   :   0 cli   :   1 cln   :   0 clr   :   8 
cls   :   0 clt   :   1 clv   :   0 clz   :   0 com   :   2 cp    :   6 
cpc   :   3 cpi   :   4 cpse  :   0 dec   :   5 des   :   0 eor   :   0 
fmul  :   0 fmuls :   0 fmulsu:   0 icall :   0 ijmp  :   0 in    :   6 
inc   :   1 ld    :  20 ldd   :  38 ldi   : 127 lds   :   0 lpm   :   7 
lsl   :   3 lsr   :   0 mov   :  24 movw  :   6 mul   :   0 muls  :   0 
mulsu :   0 neg   :   0 nop   :   0 or    :   8 ori   :   6 out   :  47 
pop   :   0 push  :   0 rcall :  72 ret   :  25 reti  :   0 rjmp  :  52 
rol   :   1 ror   :   0 sbc   :   1 sbci  :   1 sbi   :   5 sbic  :   2 
sbis  :   3 sbiw  :  14 sbr   :   0 sbrc  :   0 sbrs  :   0 sec   :   0 
seh   :   0 sei   :   0 sen   :   0 ser   :   1 ses   :   0 set   :   1 
sev   :   0 sez   :   0 sleep :   0 spm   :   0 st    :  39 std   :  10 
sts   :   0 sub   :   2 subi  :   5 swap  :   1 tst   :   3 wdr   :   1 

Instructions used: 50 out of 114 (43.9%)

ATmega8535 memory use summary [bytes]:
Segment   Begin    End      Code   Data   Used    Size   Use%
---------------------------------------------------------------
[.cseg] 0x000000 0x000568   1270    114   1384    8192  16.9%
[.dseg] 0x000060 0x00013d      0     93     93     512  18.2%
[.eseg] 0x000000 0x000000      0      0      0     512   0.0%

Assembly complete, 0 errors, 12 warnings
